<?xml version="1.0" encoding="UTF-8"?>
<!-- Generated by org.testng.reporters.JUnitReportReporter -->
<testsuite hostname="8781ff5b5228" failures="0" tests="20" name="org.example.tests.flightreservation.FlightReservationTest" time="118.784" errors="0" timestamp="2025-04-01T16:55:35 GMT" skipped="0">
  <testcase classname="org.example.tests.flightreservation.FlightReservationTest" name="flightReservationConfirmationTest" time="5.103"/>
  <testcase classname="org.example.tests.flightreservation.FlightReservationTest" name="userRegistrationTest" time="7.960"/>
  <testcase classname="org.example.tests.flightreservation.FlightReservationTest" name="registrationConfirmationTest" time="5.209"/>
  <testcase classname="org.example.tests.flightreservation.FlightReservationTest" name="registrationConfirmationTest" time="5.196"/>
  <testcase classname="org.example.tests.flightreservation.FlightReservationTest" name="userRegistrationTest" time="7.688"/>
  <testcase classname="org.example.tests.flightreservation.FlightReservationTest" name="flightsSearchTest" time="5.488"/>
  <testcase classname="org.example.tests.flightreservation.FlightReservationTest" name="registrationConfirmationTest" time="5.196"/>
  <testcase classname="org.example.tests.flightreservation.FlightReservationTest" name="registrationConfirmationTest" time="5.220"/>
  <testcase classname="org.example.tests.flightreservation.FlightReservationTest" name="userRegistrationTest" time="8.525"/>
  <testcase classname="org.example.tests.flightreservation.FlightReservationTest" name="flightsSearchTest" time="5.467"/>
  <testcase classname="org.example.tests.flightreservation.FlightReservationTest" name="flightReservationConfirmationTest" time="5.092"/>
  <testcase classname="org.example.tests.flightreservation.FlightReservationTest" name="flightReservationConfirmationTest" time="5.093"/>
  <testcase classname="org.example.tests.flightreservation.FlightReservationTest" name="flightsSelectionTest" time="5.818"/>
  <testcase classname="org.example.tests.flightreservation.FlightReservationTest" name="flightReservationConfirmationTest" time="5.111"/>
  <testcase classname="org.example.tests.flightreservation.FlightReservationTest" name="flightsSelectionTest" time="5.956"/>
  <testcase classname="org.example.tests.flightreservation.FlightReservationTest" name="flightsSelectionTest" time="5.957"/>
  <testcase classname="org.example.tests.flightreservation.FlightReservationTest" name="flightsSearchTest" time="5.443"/>
  <testcase classname="org.example.tests.flightreservation.FlightReservationTest" name="flightsSearchTest" time="5.498"/>
  <testcase classname="org.example.tests.flightreservation.FlightReservationTest" name="flightsSelectionTest" time="5.939"/>
  <testcase classname="org.example.tests.flightreservation.FlightReservationTest" name="userRegistrationTest" time="7.825"/>
</testsuite> <!-- org.example.tests.flightreservation.FlightReservationTest -->
