<?xml version="1.0" encoding="UTF-8"?>
<!-- Generated by org.testng.reporters.JUnitReportReporter -->
<testsuite hostname="a006e6ea7050" failures="0" tests="9" name="org.example.tests.vendorportal.VendorPortalTest" time="82.198" errors="0" timestamp="2025-04-01T18:31:28 GMT" skipped="0">
  <testcase classname="org.example.tests.vendorportal.VendorPortalTest" name="dashboardTest" time="5.480"/>
  <testcase classname="org.example.tests.vendorportal.VendorPortalTest" name="loginTest" time="6.313"/>
  <testcase classname="org.example.tests.vendorportal.VendorPortalTest" name="loginTest" time="6.324"/>
  <testcase classname="org.example.tests.vendorportal.VendorPortalTest" name="logoutTest" time="7.528"/>
  <testcase classname="org.example.tests.vendorportal.VendorPortalTest" name="dashboardTest" time="5.470"/>
  <testcase classname="org.example.tests.vendorportal.VendorPortalTest" name="logoutTest" time="23.708"/>
  <testcase classname="org.example.tests.vendorportal.VendorPortalTest" name="loginTest" time="6.313"/>
  <testcase classname="org.example.tests.vendorportal.VendorPortalTest" name="logoutTest" time="15.617"/>
  <testcase classname="org.example.tests.vendorportal.VendorPortalTest" name="dashboardTest" time="5.445"/>
</testsuite> <!-- org.example.tests.vendorportal.VendorPortalTest -->
